2024-06-03 20:18:07,732 - INFO - Epoch 1, Train Loss: 0.7809, Val Loss: 1.2944
2024-06-03 20:18:07,767 - INFO - Saved best model with Val Loss: 1.2944
2024-06-03 20:18:21,702 - INFO - Epoch 2, Train Loss: 0.4406, Val Loss: 5.4587
2024-06-03 20:18:37,626 - INFO - Epoch 3, Train Loss: 0.2240, Val Loss: 0.2709
2024-06-03 20:18:37,706 - INFO - Saved best model with Val Loss: 0.2709
2024-06-03 20:18:53,684 - INFO - Epoch 4, Train Loss: 0.1276, Val Loss: 0.3024
2024-06-03 20:19:09,777 - INFO - Epoch 5, Train Loss: 0.0727, Val Loss: 0.2571
2024-06-03 20:19:09,853 - INFO - Saved best model with Val Loss: 0.2571
2024-06-03 20:19:25,807 - INFO - Epoch 6, Train Loss: 0.0407, Val Loss: 1.8729
2024-06-03 20:19:41,766 - INFO - Epoch 7, Train Loss: 0.0772, Val Loss: 0.1765
2024-06-03 20:19:41,837 - INFO - Saved best model with Val Loss: 0.1765
2024-06-03 20:19:57,921 - INFO - Epoch 8, Train Loss: 0.0388, Val Loss: 0.3224
2024-06-03 20:20:14,091 - INFO - Epoch 9, Train Loss: 0.0463, Val Loss: 0.5669
2024-06-03 20:20:30,520 - INFO - Epoch 10, Train Loss: 0.0684, Val Loss: 0.0510
2024-06-03 20:20:30,597 - INFO - Saved best model with Val Loss: 0.0510
2024-06-03 20:20:31,481 - INFO - Test Accuracy: 96.38%
2024-06-03 20:20:31,481 - INFO - Confusion Matrix:
2024-06-03 20:20:31,481 - INFO - [[284   2   7   0]
 [  5 219   6   0]
 [  1   1  79   0]
 [  0   0   0   4]]
2024-06-03 20:20:31,481 - INFO - Precision: 0.97
2024-06-03 20:20:31,481 - INFO - Recall: 0.96
